Arguments: 
  /Users/ioana.comsa/.nvm/versions/node/v8.5.0/bin/node /usr/local/Cellar/yarn/1.7.0/libexec/bin/yarn.js

PATH: 
  /Users/ioana.comsa/.nvm/versions/node/v8.5.0/bin:/Library/Frameworks/Python.framework/Versions/3.7/bin:/usr/local/bin:/usr/bin:/bin:/usr/sbin:/sbin:/Users/ioana.comsa/Downloads:/usr/local/bin

Yarn version: 
  1.7.0

Node version: 
  8.5.0

Platform: 
  darwin x64

Trace: 
  SyntaxError: /Users/ioana.comsa/Desktop/forgithub/farm/package.json: Unexpected end of JSON input
      at JSON.parse (<anonymous>)
      at /usr/local/Cellar/yarn/1.7.0/libexec/lib/cli.js:1130:59
      at Generator.next (<anonymous>)
      at step (/usr/local/Cellar/yarn/1.7.0/libexec/lib/cli.js:98:30)
      at /usr/local/Cellar/yarn/1.7.0/libexec/lib/cli.js:109:13
      at <anonymous>

npm manifest: 
  {
    "name": "oop-farm",
    "version": "1.0.0",
    "main": "index.js",
    "license": "MIT",
    "scripts": {
      "test": "jest"
    },
    "dependencies": {
      "jest": "^22.4.3"
    },
    "resolutions": {
      "js-yaml": "3.13.1"
  }

yarn manifest: 
  No manifest

Lockfile: 
  No lockfile
